<?xml version="1.0" encoding="UTF-8"?>
<testng-results ignored="0" total="1" passed="1" failed="0" skipped="0">
  <reporter-output>
  </reporter-output>
  <suite started-at="2023-05-09T17:06:16 IST" name="Default suite" finished-at="2023-05-09T17:07:16 IST" duration-ms="60336">
    <groups>
    </groups>
    <test started-at="2023-05-09T17:06:16 IST" name="Default test" finished-at="2023-05-09T17:07:16 IST" duration-ms="60336">
      <class name="pack1.ExecuteLead">
        <test-method signature="main()[pri:0, instance:pack1.ExecuteLead@67f639d3]" started-at="2023-05-09T17:06:16 IST" name="main" finished-at="2023-05-09T17:07:16 IST" duration-ms="60298" status="PASS">
          <reporter-output>
          </reporter-output>
        </test-method> <!-- main -->
      </class> <!-- pack1.ExecuteLead -->
    </test> <!-- Default test -->
  </suite> <!-- Default suite -->
</testng-results>
